Build started 11/12/2014 11:22:33.
     1>Project "C:\develop\801 - Map\DecisionIndex\TinyXmlLib\TinyXmlLib.vcxproj" on node 2 (Build target(s)).
     1>C:\Program Files (x86)\MSBuild\Microsoft.Cpp\v4.0\V120\Microsoft.CppBuild.targets(356,5): warning MSB8004: Intermediate Directory does not end with a trailing slash.  This build instance will add the slash as it is required to allow proper evaluation of the Intermediate Directory.
     1>C:\Program Files (x86)\MSBuild\Microsoft.Cpp\v4.0\V120\Microsoft.CppBuild.targets(357,5): warning MSB8004: Output Directory does not end with a trailing slash.  This build instance will add the slash as it is required to allow proper evaluation of the Output Directory.
     1>ClCompile:
         C:\Program Files (x86)\Microsoft Visual Studio 12.0\VC\bin\CL.exe /c /Zi /nologo /W3 /WX- /sdl /O2 /Oi /Oy- /GL /D WIN32 /D NDEBUG /D _CONSOLE /D _LIB /D _UNICODE /D UNICODE /Gm- /EHsc /MD /GS /Gy /fp:precise /Zc:wchar_t /Zc:forScope /Yc"stdafx.h" /Fp"Release\vs2013\TinyXmlLib.pch" /Fo"Release\vs2013\\" /Fd"Release\vs2013\vc120.pdb" /Gd /TP /analyze- /errorReport:prompt stdafx.cpp
         stdafx.cpp
         C:\Program Files (x86)\Microsoft Visual Studio 12.0\VC\bin\CL.exe /c /Zi /nologo /W3 /WX- /sdl /O2 /Oi /Oy- /GL /D WIN32 /D NDEBUG /D _CONSOLE /D _LIB /D _UNICODE /D UNICODE /Gm- /EHsc /MD /GS /Gy /fp:precise /Zc:wchar_t /Zc:forScope /Fo"Release\vs2013\\" /Fd"Release\vs2013\vc120.pdb" /Gd /TP /analyze- /errorReport:prompt tinystr.cpp tinyxml.cpp tinyxmlerror.cpp tinyxmlparser.cpp
         tinystr.cpp
         tinyxml.cpp
         tinyxmlerror.cpp
         tinyxmlparser.cpp
       Lib:
         C:\Program Files (x86)\Microsoft Visual Studio 12.0\VC\bin\Lib.exe /OUT:"C:\develop\801 - Map\DecisionIndex\bin\Release\vs2013\TinyXmlLib.lib" /NOLOGO /LTCG Release\vs2013\stdafx.obj
         Release\vs2013\tinystr.obj
         Release\vs2013\tinyxml.obj
         Release\vs2013\tinyxmlerror.obj
         Release\vs2013\tinyxmlparser.obj
         TinyXmlLib.vcxproj -> C:\develop\801 - Map\DecisionIndex\bin\Release\vs2013\TinyXmlLib.lib
     1>Done Building Project "C:\develop\801 - Map\DecisionIndex\TinyXmlLib\TinyXmlLib.vcxproj" (Build target(s)).

Build succeeded.

Time Elapsed 00:00:01.13
