c:\develop\801 - map\decisionindex\directionchangeindexreader\debug\directionchangeindexreader.pch
c:\develop\801 - map\decisionindex\directionchangeindexreader\debug\vc120.pdb
c:\develop\801 - map\decisionindex\directionchangeindexreader\debug\vc120.idb
c:\develop\801 - map\decisionindex\directionchangeindexreader\debug\stdafx.obj
c:\develop\801 - map\decisionindex\directionchangeindexreader\debug\directionchangeindexreader.obj
c:\develop\801 - map\decisionindex\directionchangeindexreader\debug\main.obj
c:\develop\801 - map\decisionindex\directionchangeindexreader\debug\tinystr.obj
c:\develop\801 - map\decisionindex\directionchangeindexreader\debug\tinyxml.obj
c:\develop\801 - map\decisionindex\directionchangeindexreader\debug\tinyxmlerror.obj
c:\develop\801 - map\decisionindex\directionchangeindexreader\debug\tinyxmlparser.obj
c:\develop\801 - map\decisionindex\debug\directionchangeindexreader.ilk
c:\develop\801 - map\decisionindex\debug\directionchangeindexreader.exe
c:\develop\801 - map\decisionindex\debug\directionchangeindexreader.pdb
c:\develop\801 - map\decisionindex\directionchangeindexreader\debug\directionchangeindexreader.ilk
c:\develop\801 - map\decisionindex\directionchangeindexreader\debug\directionchangeindextimeconverter.ilk
c:\develop\801 - map\decisionindex\directionchangeindexreader\debug\directionchangeindexreader.exe.embed.manifest
c:\develop\801 - map\decisionindex\directionchangeindexreader\debug\directionchangeindexreader.exe.intermediate.manifest
c:\develop\801 - map\decisionindex\directionchangeindexreader\debug\directionchangeindexreader.exe.embed.manifest.res
c:\develop\801 - map\decisionindex\directionchangeindexreader\debug\vc90.idb
c:\develop\801 - map\decisionindex\directionchangeindexreader\debug\directionchangeindexreader.pdb
c:\develop\801 - map\decisionindex\directionchangeindexreader\debug\directionchangeindextimeconverter.pdb
c:\develop\801 - map\decisionindex\directionchangeindexreader\debug\vc90.pdb
c:\develop\801 - map\decisionindex\directionchangeindexreader\debug\directio.12471c41.tlog\cl.command.1.tlog
c:\develop\801 - map\decisionindex\directionchangeindexreader\debug\directio.12471c41.tlog\cl.read.1.tlog
c:\develop\801 - map\decisionindex\directionchangeindexreader\debug\directio.12471c41.tlog\cl.write.1.tlog
c:\develop\801 - map\decisionindex\directionchangeindexreader\debug\directio.12471c41.tlog\link.command.1.tlog
c:\develop\801 - map\decisionindex\directionchangeindexreader\debug\directio.12471c41.tlog\link.read.1.tlog
c:\develop\801 - map\decisionindex\directionchangeindexreader\debug\directio.12471c41.tlog\link.write.1.tlog
