Build started 11/12/2014 11:22:04.
     1>Project "C:\develop\801 - Map\DecisionIndex\TinyXmlLib\TinyXmlLib.vcxproj" on node 4 (Build target(s)).
     1>C:\Program Files (x86)\MSBuild\Microsoft.Cpp\v4.0\V120\Microsoft.CppBuild.targets(356,5): warning MSB8004: Intermediate Directory does not end with a trailing slash.  This build instance will add the slash as it is required to allow proper evaluation of the Intermediate Directory.
     1>C:\Program Files (x86)\MSBuild\Microsoft.Cpp\v4.0\V120\Microsoft.CppBuild.targets(357,5): warning MSB8004: Output Directory does not end with a trailing slash.  This build instance will add the slash as it is required to allow proper evaluation of the Output Directory.
     1>ClCompile:
         C:\Program Files (x86)\Microsoft Visual Studio 12.0\VC\bin\CL.exe /c /ZI /nologo /W3 /WX- /sdl /Od /Oy- /D WIN32 /D _DEBUG /D _CONSOLE /D _LIB /D _UNICODE /D UNICODE /Gm /EHsc /RTC1 /MDd /GS /fp:precise /Zc:wchar_t /Zc:forScope /Yc"stdafx.h" /Fp"Debug\vs2013\TinyXmlLib.pch" /Fo"Debug\vs2013\\" /Fd"Debug\vs2013\vc120.pdb" /Gd /TP /analyze- /errorReport:prompt stdafx.cpp
         stdafx.cpp
         C:\Program Files (x86)\Microsoft Visual Studio 12.0\VC\bin\CL.exe /c /ZI /nologo /W3 /WX- /sdl /Od /Oy- /D WIN32 /D _DEBUG /D _CONSOLE /D _LIB /D _UNICODE /D UNICODE /Gm /EHsc /RTC1 /MDd /GS /fp:precise /Zc:wchar_t /Zc:forScope /Fo"Debug\vs2013\\" /Fd"Debug\vs2013\vc120.pdb" /Gd /TP /analyze- /errorReport:prompt tinystr.cpp tinyxml.cpp tinyxmlerror.cpp tinyxmlparser.cpp
         tinyxmlparser.cpp
         tinyxmlerror.cpp
         tinyxml.cpp
         tinystr.cpp
         Generating Code...
       Lib:
         C:\Program Files (x86)\Microsoft Visual Studio 12.0\VC\bin\Lib.exe /OUT:"C:\develop\801 - Map\DecisionIndex\bin\Debug\vs2013\TinyXmlLib.lib" /NOLOGO Debug\vs2013\stdafx.obj
         Debug\vs2013\tinystr.obj
         Debug\vs2013\tinyxml.obj
         Debug\vs2013\tinyxmlerror.obj
         Debug\vs2013\tinyxmlparser.obj
         TinyXmlLib.vcxproj -> C:\develop\801 - Map\DecisionIndex\bin\Debug\vs2013\TinyXmlLib.lib
     1>Done Building Project "C:\develop\801 - Map\DecisionIndex\TinyXmlLib\TinyXmlLib.vcxproj" (Build target(s)).

Build succeeded.

Time Elapsed 00:00:05.90
